<?xml version="1.0" encoding="UTF-8"?>
<!-- Generated by org.testng.reporters.JUnitXMLReporter -->
<testsuite ignored="0" hostname="DESKTOP-RNIOPJD" failures="0" tests="6" name="Test" time="65.075" errors="0" timestamp="2025-09-27T20:48:13 IST">
  <testcase classname="pomPageTestcases.LoginTestCases" name="login" time="4.573"/>
  <testcase classname="pomPageTestcases.SearchHotelTestcases" name="SearchHotel" time="3.992"/>
  <testcase classname="pomPageTestcases.SelectHotelTestcases" name="SelectHotel" time="4.808"/>
  <testcase classname="pomPageTestcases.TC_Book" name="BookHotel" time="0.99"/>
  <testcase classname="pomPageTestcases.TC_BookItinerary" name="BookedItinerary" time="3.01"/>
  <testcase classname="pomPageTestcases.TC_ConfirmHotel" name="ConfirmHotel" time="39.303"/>
</testsuite> <!-- Test -->
