<?xml version="1.0" encoding="UTF-8"?>
<!-- Generated by org.testng.reporters.JUnitXMLReporter -->
<testsuite ignored="0" hostname="DESKTOP-RNIOPJD" failures="0" tests="3" name="Test1" time="17.04" errors="0" timestamp="2025-09-18T21:23:49 IST">
  <testcase classname="parallelTesting.Adactine" name="login" time="3.195"/>
  <testcase classname="parallelTesting.Adactine" name="searchHotel" time="0.506"/>
  <testcase classname="parallelTesting.Adactine" name="selectHotel" time="5.483"/>
</testsuite> <!-- Test1 -->
