<?xml version="1.0" encoding="UTF-8"?>
<!-- Generated by org.testng.reporters.JUnitXMLReporter -->
<testsuite ignored="0" hostname="DESKTOP-RNIOPJD" failures="0" tests="3" name="Test2" time="19.001" errors="0" timestamp="2025-09-18T21:23:51 IST">
  <testcase classname="parallelTesting.CyclosApp" name="loginFunctionality" time="5.129"/>
  <testcase classname="parallelTesting.CyclosApp" name="logout" time="3.126"/>
  <testcase classname="parallelTesting.CyclosApp" name="relogin" time="3.238"/>
</testsuite> <!-- Test2 -->
